{
  "G:\\Project\\FullStack_Projects\\TwitcherApp\\frontend\\configs\\globals.ts": {
    "path": "G:\\Project\\FullStack_Projects\\TwitcherApp\\frontend\\configs\\globals.ts",
    "statementMap": {
      "0": {
        "start": {
          "line": 5,
          "column": 21
        },
        "end": {
          "line": 5,
          "column": 46
        }
      },
      "1": {
        "start": {
          "line": 7,
          "column": 30
        },
        "end": {
          "line": 7,
          "column": 34
        }
      },
      "2": {
        "start": {
          "line": 8,
          "column": 30
        },
        "end": {
          "line": 8,
          "column": 43
        }
      },
      "3": {
        "start": {
          "line": 9,
          "column": 37
        },
        "end": {
          "line": 9,
          "column": 59
        }
      },
      "4": {
        "start": {
          "line": 10,
          "column": 36
        },
        "end": {
          "line": 10,
          "column": 58
        }
      },
      "5": {
        "start": {
          "line": 11,
          "column": 31
        },
        "end": {
          "line": 11,
          "column": 45
        }
      },
      "6": {
        "start": {
          "line": 12,
          "column": 27
        },
        "end": {
          "line": 14,
          "column": 1
        }
      },
      "7": {
        "start": {
          "line": 16,
          "column": 36
        },
        "end": {
          "line": 16,
          "column": 39
        }
      }
    },
    "fnMap": {},
    "branchMap": {},
    "s": {
      "0": 2,
      "1": 2,
      "2": 2,
      "3": 2,
      "4": 2,
      "5": 2,
      "6": 2,
      "7": 2
    },
    "f": {},
    "b": {},
    "_coverageSchema": "1a1c01bbd47fc00a2c39e90264f33305004495a9",
    "hash": "641da70efc9bc84eabd7afd27e66caeefcd8fe2d"
  },
  "G:\\Project\\FullStack_Projects\\TwitcherApp\\frontend\\axios\\axios-instances.ts": {
    "path": "G:\\Project\\FullStack_Projects\\TwitcherApp\\frontend\\axios\\axios-instances.ts",
    "statementMap": {
      "0": {
        "start": {
          "line": 6,
          "column": 36
        },
        "end": {
          "line": 15,
          "column": 2
        }
      },
      "1": {
        "start": {
          "line": 27,
          "column": 36
        },
        "end": {
          "line": 35,
          "column": 2
        }
      },
      "2": {
        "start": {
          "line": 37,
          "column": 0
        },
        "end": {
          "line": 45,
          "column": 2
        }
      },
      "3": {
        "start": {
          "line": 39,
          "column": 8
        },
        "end": {
          "line": 39,
          "column": 24
        }
      },
      "4": {
        "start": {
          "line": 42,
          "column": 8
        },
        "end": {
          "line": 42,
          "column": 62
        }
      },
      "5": {
        "start": {
          "line": 43,
          "column": 8
        },
        "end": {
          "line": 43,
          "column": 37
        }
      }
    },
    "fnMap": {
      "0": {
        "name": "(anonymous_0)",
        "decl": {
          "start": {
            "line": 38,
            "column": 4
          },
          "end": {
            "line": 38,
            "column": 5
          }
        },
        "loc": {
          "start": {
            "line": 38,
            "column": 18
          },
          "end": {
            "line": 40,
            "column": 5
          }
        },
        "line": 38
      },
      "1": {
        "name": "(anonymous_1)",
        "decl": {
          "start": {
            "line": 41,
            "column": 4
          },
          "end": {
            "line": 41,
            "column": 5
          }
        },
        "loc": {
          "start": {
            "line": 41,
            "column": 15
          },
          "end": {
            "line": 44,
            "column": 5
          }
        },
        "line": 41
      }
    },
    "branchMap": {},
    "s": {
      "0": 2,
      "1": 2,
      "2": 2,
      "3": 0,
      "4": 0,
      "5": 0
    },
    "f": {
      "0": 0,
      "1": 0
    },
    "b": {},
    "_coverageSchema": "1a1c01bbd47fc00a2c39e90264f33305004495a9",
    "hash": "35840d8993663926ef6dbda85c8e6d7ab6f1f3e2"
  },
  "G:\\Project\\FullStack_Projects\\TwitcherApp\\frontend\\api\\mutations\\useLikeTweet.ts": {
    "path": "G:\\Project\\FullStack_Projects\\TwitcherApp\\frontend\\api\\mutations\\useLikeTweet.ts",
    "statementMap": {
      "0": {
        "start": {
          "line": 14,
          "column": 52
        },
        "end": {
          "line": 24,
          "column": 1
        }
      },
      "1": {
        "start": {
          "line": 18,
          "column": 8
        },
        "end": {
          "line": 22,
          "column": 6
        }
      },
      "2": {
        "start": {
          "line": 23,
          "column": 4
        },
        "end": {
          "line": 23,
          "column": 25
        }
      },
      "3": {
        "start": {
          "line": 26,
          "column": 28
        },
        "end": {
          "line": 28,
          "column": 1
        }
      },
      "4": {
        "start": {
          "line": 27,
          "column": 4
        },
        "end": {
          "line": 27,
          "column": 40
        }
      }
    },
    "fnMap": {
      "0": {
        "name": "(anonymous_0)",
        "decl": {
          "start": {
            "line": 14,
            "column": 52
          },
          "end": {
            "line": 14,
            "column": 53
          }
        },
        "loc": {
          "start": {
            "line": 14,
            "column": 84
          },
          "end": {
            "line": 24,
            "column": 1
          }
        },
        "line": 14
      },
      "1": {
        "name": "(anonymous_1)",
        "decl": {
          "start": {
            "line": 26,
            "column": 28
          },
          "end": {
            "line": 26,
            "column": 29
          }
        },
        "loc": {
          "start": {
            "line": 26,
            "column": 34
          },
          "end": {
            "line": 28,
            "column": 1
          }
        },
        "line": 26
      }
    },
    "branchMap": {},
    "s": {
      "0": 2,
      "1": 0,
      "2": 0,
      "3": 2,
      "4": 8
    },
    "f": {
      "0": 0,
      "1": 8
    },
    "b": {},
    "_coverageSchema": "1a1c01bbd47fc00a2c39e90264f33305004495a9",
    "hash": "9f1aeb110c6ff64854a5df052177d22c4d57c41d"
  },
  "G:\\Project\\FullStack_Projects\\TwitcherApp\\frontend\\contexts\\tweets-side-context\\tweets-side-context.tsx": {
    "path": "G:\\Project\\FullStack_Projects\\TwitcherApp\\frontend\\contexts\\tweets-side-context\\tweets-side-context.tsx",
    "statementMap": {
      "0": {
        "start": {
          "line": 14,
          "column": 55
        },
        "end": {
          "line": 14,
          "column": 72
        }
      },
      "1": {
        "start": {
          "line": 16,
          "column": 70
        },
        "end": {
          "line": 35,
          "column": 1
        }
      },
      "2": {
        "start": {
          "line": 19,
          "column": 38
        },
        "end": {
          "line": 19,
          "column": 64
        }
      },
      "3": {
        "start": {
          "line": 20,
          "column": 50
        },
        "end": {
          "line": 20,
          "column": 74
        }
      },
      "4": {
        "start": {
          "line": 21,
          "column": 40
        },
        "end": {
          "line": 29,
          "column": 5
        }
      },
      "5": {
        "start": {
          "line": 22,
          "column": 15
        },
        "end": {
          "line": 27,
          "column": 9
        }
      },
      "6": {
        "start": {
          "line": 30,
          "column": 4
        },
        "end": {
          "line": 34,
          "column": 6
        }
      },
      "7": {
        "start": {
          "line": 39,
          "column": 36
        },
        "end": {
          "line": 47,
          "column": 1
        }
      },
      "8": {
        "start": {
          "line": 40,
          "column": 20
        },
        "end": {
          "line": 40,
          "column": 49
        }
      },
      "9": {
        "start": {
          "line": 41,
          "column": 4
        },
        "end": {
          "line": 45,
          "column": 5
        }
      },
      "10": {
        "start": {
          "line": 42,
          "column": 8
        },
        "end": {
          "line": 44,
          "column": 10
        }
      },
      "11": {
        "start": {
          "line": 46,
          "column": 4
        },
        "end": {
          "line": 46,
          "column": 19
        }
      }
    },
    "fnMap": {
      "0": {
        "name": "(anonymous_0)",
        "decl": {
          "start": {
            "line": 16,
            "column": 70
          },
          "end": {
            "line": 16,
            "column": 71
          }
        },
        "loc": {
          "start": {
            "line": 18,
            "column": 6
          },
          "end": {
            "line": 35,
            "column": 1
          }
        },
        "line": 18
      },
      "1": {
        "name": "(anonymous_1)",
        "decl": {
          "start": {
            "line": 22,
            "column": 8
          },
          "end": {
            "line": 22,
            "column": 9
          }
        },
        "loc": {
          "start": {
            "line": 22,
            "column": 15
          },
          "end": {
            "line": 27,
            "column": 9
          }
        },
        "line": 22
      },
      "2": {
        "name": "(anonymous_2)",
        "decl": {
          "start": {
            "line": 39,
            "column": 36
          },
          "end": {
            "line": 39,
            "column": 37
          }
        },
        "loc": {
          "start": {
            "line": 39,
            "column": 62
          },
          "end": {
            "line": 47,
            "column": 1
          }
        },
        "line": 39
      }
    },
    "branchMap": {
      "0": {
        "loc": {
          "start": {
            "line": 41,
            "column": 4
          },
          "end": {
            "line": 45,
            "column": 5
          }
        },
        "type": "if",
        "locations": [
          {
            "start": {
              "line": 41,
              "column": 4
            },
            "end": {
              "line": 45,
              "column": 5
            }
          },
          {
            "start": {},
            "end": {}
          }
        ],
        "line": 41
      }
    },
    "s": {
      "0": 2,
      "1": 2,
      "2": 0,
      "3": 0,
      "4": 0,
      "5": 0,
      "6": 0,
      "7": 2,
      "8": 4,
      "9": 4,
      "10": 0,
      "11": 4
    },
    "f": {
      "0": 0,
      "1": 0,
      "2": 4
    },
    "b": {
      "0": [
        0,
        4
      ]
    },
    "_coverageSchema": "1a1c01bbd47fc00a2c39e90264f33305004495a9",
    "hash": "35c4be50d073e32525b6d90122400f367e83d3f6"
  },
  "G:\\Project\\FullStack_Projects\\TwitcherApp\\frontend\\hooks\\useNotification.ts": {
    "path": "G:\\Project\\FullStack_Projects\\TwitcherApp\\frontend\\hooks\\useNotification.ts",
    "statementMap": {
      "0": {
        "start": {
          "line": 17,
          "column": 42
        },
        "end": {
          "line": 36,
          "column": 1
        }
      },
      "1": {
        "start": {
          "line": 20,
          "column": 53
        },
        "end": {
          "line": 34,
          "column": 5
        }
      },
      "2": {
        "start": {
          "line": 22,
          "column": 12
        },
        "end": {
          "line": 31,
          "column": 13
        }
      },
      "3": {
        "start": {
          "line": 23,
          "column": 16
        },
        "end": {
          "line": 23,
          "column": 40
        }
      },
      "4": {
        "start": {
          "line": 25,
          "column": 16
        },
        "end": {
          "line": 30,
          "column": 19
        }
      },
      "5": {
        "start": {
          "line": 35,
          "column": 4
        },
        "end": {
          "line": 35,
          "column": 20
        }
      }
    },
    "fnMap": {
      "0": {
        "name": "(anonymous_0)",
        "decl": {
          "start": {
            "line": 17,
            "column": 42
          },
          "end": {
            "line": 17,
            "column": 43
          }
        },
        "loc": {
          "start": {
            "line": 19,
            "column": 5
          },
          "end": {
            "line": 36,
            "column": 1
          }
        },
        "line": 19
      },
      "1": {
        "name": "(anonymous_1)",
        "decl": {
          "start": {
            "line": 21,
            "column": 8
          },
          "end": {
            "line": 21,
            "column": 9
          }
        },
        "loc": {
          "start": {
            "line": 21,
            "column": 30
          },
          "end": {
            "line": 32,
            "column": 9
          }
        },
        "line": 21
      }
    },
    "branchMap": {
      "0": {
        "loc": {
          "start": {
            "line": 18,
            "column": 4
          },
          "end": {
            "line": 18,
            "column": 46
          }
        },
        "type": "default-arg",
        "locations": [
          {
            "start": {
              "line": 18,
              "column": 14
            },
            "end": {
              "line": 18,
              "column": 46
            }
          }
        ],
        "line": 18
      },
      "1": {
        "loc": {
          "start": {
            "line": 22,
            "column": 12
          },
          "end": {
            "line": 31,
            "column": 13
          }
        },
        "type": "if",
        "locations": [
          {
            "start": {
              "line": 22,
              "column": 12
            },
            "end": {
              "line": 31,
              "column": 13
            }
          },
          {
            "start": {
              "line": 24,
              "column": 19
            },
            "end": {
              "line": 31,
              "column": 13
            }
          }
        ],
        "line": 22
      }
    },
    "s": {
      "0": 2,
      "1": 0,
      "2": 0,
      "3": 0,
      "4": 0,
      "5": 0
    },
    "f": {
      "0": 0,
      "1": 0
    },
    "b": {
      "0": [
        0
      ],
      "1": [
        0,
        0
      ]
    },
    "_coverageSchema": "1a1c01bbd47fc00a2c39e90264f33305004495a9",
    "hash": "3696f9c8d683a5c7eaa9029f0301ce8e3129dfe3"
  },
  "G:\\Project\\FullStack_Projects\\TwitcherApp\\frontend\\contexts\\user-context\\user-context.tsx": {
    "path": "G:\\Project\\FullStack_Projects\\TwitcherApp\\frontend\\contexts\\user-context\\user-context.tsx",
    "statementMap": {
      "0": {
        "start": {
          "line": 32,
          "column": 43
        },
        "end": {
          "line": 32,
          "column": 60
        }
      },
      "1": {
        "start": {
          "line": 34,
          "column": 58
        },
        "end": {
          "line": 115,
          "column": 1
        }
      },
      "2": {
        "start": {
          "line": 38,
          "column": 21
        },
        "end": {
          "line": 38,
          "column": 38
        }
      },
      "3": {
        "start": {
          "line": 39,
          "column": 19
        },
        "end": {
          "line": 39,
          "column": 30
        }
      },
      "4": {
        "start": {
          "line": 40,
          "column": 28
        },
        "end": {
          "line": 42,
          "column": 6
        }
      },
      "5": {
        "start": {
          "line": 43,
          "column": 30
        },
        "end": {
          "line": 43,
          "column": 76
        }
      },
      "6": {
        "start": {
          "line": 44,
          "column": 40
        },
        "end": {
          "line": 46,
          "column": 5
        }
      },
      "7": {
        "start": {
          "line": 47,
          "column": 62
        },
        "end": {
          "line": 52,
          "column": 5
        }
      },
      "8": {
        "start": {
          "line": 49,
          "column": 12
        },
        "end": {
          "line": 49,
          "column": 27
        }
      },
      "9": {
        "start": {
          "line": 53,
          "column": 58
        },
        "end": {
          "line": 60,
          "column": 5
        }
      },
      "10": {
        "start": {
          "line": 55,
          "column": 12
        },
        "end": {
          "line": 57,
          "column": 13
        }
      },
      "11": {
        "start": {
          "line": 56,
          "column": 16
        },
        "end": {
          "line": 56,
          "column": 32
        }
      },
      "12": {
        "start": {
          "line": 61,
          "column": 4
        },
        "end": {
          "line": 101,
          "column": 11
        }
      },
      "13": {
        "start": {
          "line": 62,
          "column": 8
        },
        "end": {
          "line": 100,
          "column": 9
        }
      },
      "14": {
        "start": {
          "line": 66,
          "column": 12
        },
        "end": {
          "line": 66,
          "column": 45
        }
      },
      "15": {
        "start": {
          "line": 67,
          "column": 50
        },
        "end": {
          "line": 71,
          "column": 24
        }
      },
      "16": {
        "start": {
          "line": 73,
          "column": 12
        },
        "end": {
          "line": 76,
          "column": 15
        }
      },
      "17": {
        "start": {
          "line": 74,
          "column": 16
        },
        "end": {
          "line": 74,
          "column": 56
        }
      },
      "18": {
        "start": {
          "line": 75,
          "column": 16
        },
        "end": {
          "line": 75,
          "column": 30
        }
      },
      "19": {
        "start": {
          "line": 77,
          "column": 12
        },
        "end": {
          "line": 79,
          "column": 15
        }
      },
      "20": {
        "start": {
          "line": 78,
          "column": 16
        },
        "end": {
          "line": 78,
          "column": 32
        }
      },
      "21": {
        "start": {
          "line": 81,
          "column": 12
        },
        "end": {
          "line": 83,
          "column": 15
        }
      },
      "22": {
        "start": {
          "line": 82,
          "column": 16
        },
        "end": {
          "line": 82,
          "column": 72
        }
      },
      "23": {
        "start": {
          "line": 85,
          "column": 12
        },
        "end": {
          "line": 87,
          "column": 15
        }
      },
      "24": {
        "start": {
          "line": 86,
          "column": 16
        },
        "end": {
          "line": 86,
          "column": 36
        }
      },
      "25": {
        "start": {
          "line": 89,
          "column": 30
        },
        "end": {
          "line": 92,
          "column": 13
        }
      },
      "26": {
        "start": {
          "line": 90,
          "column": 16
        },
        "end": {
          "line": 90,
          "column": 77
        }
      },
      "27": {
        "start": {
          "line": 91,
          "column": 16
        },
        "end": {
          "line": 91,
          "column": 46
        }
      },
      "28": {
        "start": {
          "line": 93,
          "column": 29
        },
        "end": {
          "line": 95,
          "column": 13
        }
      },
      "29": {
        "start": {
          "line": 94,
          "column": 16
        },
        "end": {
          "line": 94,
          "column": 51
        }
      },
      "30": {
        "start": {
          "line": 96,
          "column": 12
        },
        "end": {
          "line": 96,
          "column": 61
        }
      },
      "31": {
        "start": {
          "line": 97,
          "column": 12
        },
        "end": {
          "line": 99,
          "column": 14
        }
      },
      "32": {
        "start": {
          "line": 98,
          "column": 16
        },
        "end": {
          "line": 98,
          "column": 39
        }
      },
      "33": {
        "start": {
          "line": 102,
          "column": 34
        },
        "end": {
          "line": 111,
          "column": 5
        }
      },
      "34": {
        "start": {
          "line": 103,
          "column": 15
        },
        "end": {
          "line": 109,
          "column": 9
        }
      },
      "35": {
        "start": {
          "line": 112,
          "column": 4
        },
        "end": {
          "line": 114,
          "column": 6
        }
      },
      "36": {
        "start": {
          "line": 119,
          "column": 30
        },
        "end": {
          "line": 127,
          "column": 1
        }
      },
      "37": {
        "start": {
          "line": 120,
          "column": 20
        },
        "end": {
          "line": 120,
          "column": 43
        }
      },
      "38": {
        "start": {
          "line": 121,
          "column": 4
        },
        "end": {
          "line": 125,
          "column": 5
        }
      },
      "39": {
        "start": {
          "line": 122,
          "column": 8
        },
        "end": {
          "line": 124,
          "column": 10
        }
      },
      "40": {
        "start": {
          "line": 126,
          "column": 4
        },
        "end": {
          "line": 126,
          "column": 19
        }
      }
    },
    "fnMap": {
      "0": {
        "name": "(anonymous_0)",
        "decl": {
          "start": {
            "line": 34,
            "column": 58
          },
          "end": {
            "line": 34,
            "column": 59
          }
        },
        "loc": {
          "start": {
            "line": 37,
            "column": 6
          },
          "end": {
            "line": 115,
            "column": 1
          }
        },
        "line": 37
      },
      "1": {
        "name": "(anonymous_1)",
        "decl": {
          "start": {
            "line": 48,
            "column": 8
          },
          "end": {
            "line": 48,
            "column": 9
          }
        },
        "loc": {
          "start": {
            "line": 48,
            "column": 19
          },
          "end": {
            "line": 50,
            "column": 9
          }
        },
        "line": 48
      },
      "2": {
        "name": "(anonymous_2)",
        "decl": {
          "start": {
            "line": 54,
            "column": 8
          },
          "end": {
            "line": 54,
            "column": 9
          }
        },
        "loc": {
          "start": {
            "line": 54,
            "column": 19
          },
          "end": {
            "line": 58,
            "column": 9
          }
        },
        "line": 54
      },
      "3": {
        "name": "(anonymous_3)",
        "decl": {
          "start": {
            "line": 61,
            "column": 14
          },
          "end": {
            "line": 61,
            "column": 15
          }
        },
        "loc": {
          "start": {
            "line": 61,
            "column": 20
          },
          "end": {
            "line": 101,
            "column": 5
          }
        },
        "line": 61
      },
      "4": {
        "name": "(anonymous_4)",
        "decl": {
          "start": {
            "line": 73,
            "column": 51
          },
          "end": {
            "line": 73,
            "column": 52
          }
        },
        "loc": {
          "start": {
            "line": 73,
            "column": 61
          },
          "end": {
            "line": 76,
            "column": 13
          }
        },
        "line": 73
      },
      "5": {
        "name": "(anonymous_5)",
        "decl": {
          "start": {
            "line": 77,
            "column": 49
          },
          "end": {
            "line": 77,
            "column": 50
          }
        },
        "loc": {
          "start": {
            "line": 77,
            "column": 62
          },
          "end": {
            "line": 79,
            "column": 13
          }
        },
        "line": 77
      },
      "6": {
        "name": "(anonymous_6)",
        "decl": {
          "start": {
            "line": 81,
            "column": 53
          },
          "end": {
            "line": 81,
            "column": 54
          }
        },
        "loc": {
          "start": {
            "line": 81,
            "column": 71
          },
          "end": {
            "line": 83,
            "column": 13
          }
        },
        "line": 81
      },
      "7": {
        "name": "(anonymous_7)",
        "decl": {
          "start": {
            "line": 85,
            "column": 51
          },
          "end": {
            "line": 85,
            "column": 52
          }
        },
        "loc": {
          "start": {
            "line": 85,
            "column": 63
          },
          "end": {
            "line": 87,
            "column": 13
          }
        },
        "line": 85
      },
      "8": {
        "name": "(anonymous_8)",
        "decl": {
          "start": {
            "line": 89,
            "column": 30
          },
          "end": {
            "line": 89,
            "column": 31
          }
        },
        "loc": {
          "start": {
            "line": 89,
            "column": 42
          },
          "end": {
            "line": 92,
            "column": 13
          }
        },
        "line": 89
      },
      "9": {
        "name": "(anonymous_9)",
        "decl": {
          "start": {
            "line": 93,
            "column": 29
          },
          "end": {
            "line": 93,
            "column": 30
          }
        },
        "loc": {
          "start": {
            "line": 93,
            "column": 35
          },
          "end": {
            "line": 95,
            "column": 13
          }
        },
        "line": 93
      },
      "10": {
        "name": "(anonymous_10)",
        "decl": {
          "start": {
            "line": 97,
            "column": 19
          },
          "end": {
            "line": 97,
            "column": 20
          }
        },
        "loc": {
          "start": {
            "line": 97,
            "column": 25
          },
          "end": {
            "line": 99,
            "column": 13
          }
        },
        "line": 97
      },
      "11": {
        "name": "(anonymous_11)",
        "decl": {
          "start": {
            "line": 103,
            "column": 8
          },
          "end": {
            "line": 103,
            "column": 9
          }
        },
        "loc": {
          "start": {
            "line": 103,
            "column": 15
          },
          "end": {
            "line": 109,
            "column": 9
          }
        },
        "line": 103
      },
      "12": {
        "name": "(anonymous_12)",
        "decl": {
          "start": {
            "line": 119,
            "column": 30
          },
          "end": {
            "line": 119,
            "column": 31
          }
        },
        "loc": {
          "start": {
            "line": 119,
            "column": 50
          },
          "end": {
            "line": 127,
            "column": 1
          }
        },
        "line": 119
      }
    },
    "branchMap": {
      "0": {
        "loc": {
          "start": {
            "line": 41,
            "column": 16
          },
          "end": {
            "line": 41,
            "column": 52
          }
        },
        "type": "binary-expr",
        "locations": [
          {
            "start": {
              "line": 41,
              "column": 16
            },
            "end": {
              "line": 41,
              "column": 29
            }
          },
          {
            "start": {
              "line": 41,
              "column": 34
            },
            "end": {
              "line": 41,
              "column": 51
            }
          }
        ],
        "line": 41
      },
      "1": {
        "loc": {
          "start": {
            "line": 43,
            "column": 47
          },
          "end": {
            "line": 43,
            "column": 75
          }
        },
        "type": "binary-expr",
        "locations": [
          {
            "start": {
              "line": 43,
              "column": 47
            },
            "end": {
              "line": 43,
              "column": 69
            }
          },
          {
            "start": {
              "line": 43,
              "column": 73
            },
            "end": {
              "line": 43,
              "column": 75
            }
          }
        ],
        "line": 43
      },
      "2": {
        "loc": {
          "start": {
            "line": 55,
            "column": 12
          },
          "end": {
            "line": 57,
            "column": 13
          }
        },
        "type": "if",
        "locations": [
          {
            "start": {
              "line": 55,
              "column": 12
            },
            "end": {
              "line": 57,
              "column": 13
            }
          },
          {
            "start": {},
            "end": {}
          }
        ],
        "line": 55
      },
      "3": {
        "loc": {
          "start": {
            "line": 62,
            "column": 8
          },
          "end": {
            "line": 100,
            "column": 9
          }
        },
        "type": "if",
        "locations": [
          {
            "start": {
              "line": 62,
              "column": 8
            },
            "end": {
              "line": 100,
              "column": 9
            }
          },
          {
            "start": {},
            "end": {}
          }
        ],
        "line": 62
      },
      "4": {
        "loc": {
          "start": {
            "line": 63,
            "column": 12
          },
          "end": {
            "line": 64,
            "column": 49
          }
        },
        "type": "binary-expr",
        "locations": [
          {
            "start": {
              "line": 63,
              "column": 12
            },
            "end": {
              "line": 63,
              "column": 46
            }
          },
          {
            "start": {
              "line": 64,
              "column": 12
            },
            "end": {
              "line": 64,
              "column": 49
            }
          }
        ],
        "line": 63
      },
      "5": {
        "loc": {
          "start": {
            "line": 121,
            "column": 4
          },
          "end": {
            "line": 125,
            "column": 5
          }
        },
        "type": "if",
        "locations": [
          {
            "start": {
              "line": 121,
              "column": 4
            },
            "end": {
              "line": 125,
              "column": 5
            }
          },
          {
            "start": {},
            "end": {}
          }
        ],
        "line": 121
      }
    },
    "s": {
      "0": 2,
      "1": 2,
      "2": 0,
      "3": 0,
      "4": 0,
      "5": 0,
      "6": 0,
      "7": 0,
      "8": 0,
      "9": 0,
      "10": 0,
      "11": 0,
      "12": 0,
      "13": 0,
      "14": 0,
      "15": 0,
      "16": 0,
      "17": 0,
      "18": 0,
      "19": 0,
      "20": 0,
      "21": 0,
      "22": 0,
      "23": 0,
      "24": 0,
      "25": 0,
      "26": 0,
      "27": 0,
      "28": 0,
      "29": 0,
      "30": 0,
      "31": 0,
      "32": 0,
      "33": 0,
      "34": 0,
      "35": 0,
      "36": 2,
      "37": 8,
      "38": 8,
      "39": 0,
      "40": 8
    },
    "f": {
      "0": 0,
      "1": 0,
      "2": 0,
      "3": 0,
      "4": 0,
      "5": 0,
      "6": 0,
      "7": 0,
      "8": 0,
      "9": 0,
      "10": 0,
      "11": 0,
      "12": 8
    },
    "b": {
      "0": [
        0,
        0
      ],
      "1": [
        0,
        0
      ],
      "2": [
        0,
        0
      ],
      "3": [
        0,
        0
      ],
      "4": [
        0,
        0
      ],
      "5": [
        0,
        8
      ]
    },
    "_coverageSchema": "1a1c01bbd47fc00a2c39e90264f33305004495a9",
    "hash": "a88a20363b179deb84190f2da561932ea1b25059"
  },
  "G:\\Project\\FullStack_Projects\\TwitcherApp\\frontend\\components\\core-ui\\tweet-view\\tweet-action-buttons\\like-action-btn\\like-action-btn.tsx": {
    "path": "G:\\Project\\FullStack_Projects\\TwitcherApp\\frontend\\components\\core-ui\\tweet-view\\tweet-action-buttons\\like-action-btn\\like-action-btn.tsx",
    "statementMap": {
      "0": {
        "start": {
          "line": 12,
          "column": 46
        },
        "end": {
          "line": 36,
          "column": 1
        }
      },
      "1": {
        "start": {
          "line": 13,
          "column": 20
        },
        "end": {
          "line": 13,
          "column": 36
        }
      },
      "2": {
        "start": {
          "line": 14,
          "column": 26
        },
        "end": {
          "line": 14,
          "column": 40
        }
      },
      "3": {
        "start": {
          "line": 15,
          "column": 23
        },
        "end": {
          "line": 23,
          "column": 5
        }
      },
      "4": {
        "start": {
          "line": 16,
          "column": 8
        },
        "end": {
          "line": 16,
          "column": 50
        }
      },
      "5": {
        "start": {
          "line": 17,
          "column": 21
        },
        "end": {
          "line": 21,
          "column": 10
        }
      },
      "6": {
        "start": {
          "line": 22,
          "column": 8
        },
        "end": {
          "line": 22,
          "column": 45
        }
      },
      "7": {
        "start": {
          "line": 24,
          "column": 4
        },
        "end": {
          "line": 35,
          "column": 6
        }
      }
    },
    "fnMap": {
      "0": {
        "name": "(anonymous_0)",
        "decl": {
          "start": {
            "line": 12,
            "column": 46
          },
          "end": {
            "line": 12,
            "column": 47
          }
        },
        "loc": {
          "start": {
            "line": 12,
            "column": 81
          },
          "end": {
            "line": 36,
            "column": 1
          }
        },
        "line": 12
      },
      "1": {
        "name": "(anonymous_1)",
        "decl": {
          "start": {
            "line": 15,
            "column": 23
          },
          "end": {
            "line": 15,
            "column": 24
          }
        },
        "loc": {
          "start": {
            "line": 15,
            "column": 35
          },
          "end": {
            "line": 23,
            "column": 5
          }
        },
        "line": 15
      }
    },
    "branchMap": {
      "0": {
        "loc": {
          "start": {
            "line": 19,
            "column": 19
          },
          "end": {
            "line": 19,
            "column": 30
          }
        },
        "type": "binary-expr",
        "locations": [
          {
            "start": {
              "line": 19,
              "column": 19
            },
            "end": {
              "line": 19,
              "column": 24
            }
          },
          {
            "start": {
              "line": 19,
              "column": 28
            },
            "end": {
              "line": 19,
              "column": 30
            }
          }
        ],
        "line": 19
      },
      "1": {
        "loc": {
          "start": {
            "line": 20,
            "column": 21
          },
          "end": {
            "line": 20,
            "column": 34
          }
        },
        "type": "binary-expr",
        "locations": [
          {
            "start": {
              "line": 20,
              "column": 21
            },
            "end": {
              "line": 20,
              "column": 28
            }
          },
          {
            "start": {
              "line": 20,
              "column": 32
            },
            "end": {
              "line": 20,
              "column": 34
            }
          }
        ],
        "line": 20
      },
      "2": {
        "loc": {
          "start": {
            "line": 33,
            "column": 39
          },
          "end": {
            "line": 33,
            "column": 56
          }
        },
        "type": "binary-expr",
        "locations": [
          {
            "start": {
              "line": 33,
              "column": 39
            },
            "end": {
              "line": 33,
              "column": 49
            }
          },
          {
            "start": {
              "line": 33,
              "column": 53
            },
            "end": {
              "line": 33,
              "column": 56
            }
          }
        ],
        "line": 33
      }
    },
    "s": {
      "0": 2,
      "1": 4,
      "2": 4,
      "3": 4,
      "4": 0,
      "5": 0,
      "6": 0,
      "7": 4
    },
    "f": {
      "0": 4,
      "1": 0
    },
    "b": {
      "0": [
        0,
        0
      ],
      "1": [
        0,
        0
      ],
      "2": [
        4,
        2
      ]
    },
    "_coverageSchema": "1a1c01bbd47fc00a2c39e90264f33305004495a9",
    "hash": "82437250d27df70f74ce0c4c823f4489f66f8585"
  },
  "G:\\Project\\FullStack_Projects\\TwitcherApp\\frontend\\components\\core-ui\\tweet-view\\tweet-action-buttons\\tweet-action-buttons.tsx": {
    "path": "G:\\Project\\FullStack_Projects\\TwitcherApp\\frontend\\components\\core-ui\\tweet-view\\tweet-action-buttons\\tweet-action-buttons.tsx",
    "statementMap": {
      "0": {
        "start": {
          "line": 19,
          "column": 56
        },
        "end": {
          "line": 74,
          "column": 1
        }
      },
      "1": {
        "start": {
          "line": 23,
          "column": 47
        },
        "end": {
          "line": 23,
          "column": 69
        }
      },
      "2": {
        "start": {
          "line": 24,
          "column": 29
        },
        "end": {
          "line": 27,
          "column": 5
        }
      },
      "3": {
        "start": {
          "line": 25,
          "column": 8
        },
        "end": {
          "line": 25,
          "column": 35
        }
      },
      "4": {
        "start": {
          "line": 26,
          "column": 8
        },
        "end": {
          "line": 26,
          "column": 39
        }
      },
      "5": {
        "start": {
          "line": 28,
          "column": 20
        },
        "end": {
          "line": 28,
          "column": 36
        }
      },
      "6": {
        "start": {
          "line": 29,
          "column": 26
        },
        "end": {
          "line": 29,
          "column": 40
        }
      },
      "7": {
        "start": {
          "line": 30,
          "column": 23
        },
        "end": {
          "line": 37,
          "column": 5
        }
      },
      "8": {
        "start": {
          "line": 31,
          "column": 21
        },
        "end": {
          "line": 35,
          "column": 10
        }
      },
      "9": {
        "start": {
          "line": 36,
          "column": 8
        },
        "end": {
          "line": 36,
          "column": 45
        }
      },
      "10": {
        "start": {
          "line": 38,
          "column": 4
        },
        "end": {
          "line": 73,
          "column": 6
        }
      }
    },
    "fnMap": {
      "0": {
        "name": "(anonymous_0)",
        "decl": {
          "start": {
            "line": 19,
            "column": 56
          },
          "end": {
            "line": 19,
            "column": 57
          }
        },
        "loc": {
          "start": {
            "line": 22,
            "column": 6
          },
          "end": {
            "line": 74,
            "column": 1
          }
        },
        "line": 22
      },
      "1": {
        "name": "(anonymous_1)",
        "decl": {
          "start": {
            "line": 24,
            "column": 29
          },
          "end": {
            "line": 24,
            "column": 30
          }
        },
        "loc": {
          "start": {
            "line": 24,
            "column": 35
          },
          "end": {
            "line": 27,
            "column": 5
          }
        },
        "line": 24
      },
      "2": {
        "name": "(anonymous_2)",
        "decl": {
          "start": {
            "line": 30,
            "column": 23
          },
          "end": {
            "line": 30,
            "column": 24
          }
        },
        "loc": {
          "start": {
            "line": 30,
            "column": 35
          },
          "end": {
            "line": 37,
            "column": 5
          }
        },
        "line": 30
      }
    },
    "branchMap": {
      "0": {
        "loc": {
          "start": {
            "line": 20,
            "column": 4
          },
          "end": {
            "line": 20,
            "column": 17
          }
        },
        "type": "default-arg",
        "locations": [
          {
            "start": {
              "line": 20,
              "column": 15
            },
            "end": {
              "line": 20,
              "column": 17
            }
          }
        ],
        "line": 20
      },
      "1": {
        "loc": {
          "start": {
            "line": 26,
            "column": 8
          },
          "end": {
            "line": 26,
            "column": 38
          }
        },
        "type": "binary-expr",
        "locations": [
          {
            "start": {
              "line": 26,
              "column": 8
            },
            "end": {
              "line": 26,
              "column": 13
            }
          },
          {
            "start": {
              "line": 26,
              "column": 17
            },
            "end": {
              "line": 26,
              "column": 38
            }
          }
        ],
        "line": 26
      },
      "2": {
        "loc": {
          "start": {
            "line": 33,
            "column": 19
          },
          "end": {
            "line": 33,
            "column": 30
          }
        },
        "type": "binary-expr",
        "locations": [
          {
            "start": {
              "line": 33,
              "column": 19
            },
            "end": {
              "line": 33,
              "column": 24
            }
          },
          {
            "start": {
              "line": 33,
              "column": 28
            },
            "end": {
              "line": 33,
              "column": 30
            }
          }
        ],
        "line": 33
      },
      "3": {
        "loc": {
          "start": {
            "line": 34,
            "column": 21
          },
          "end": {
            "line": 34,
            "column": 41
          }
        },
        "type": "binary-expr",
        "locations": [
          {
            "start": {
              "line": 34,
              "column": 21
            },
            "end": {
              "line": 34,
              "column": 35
            }
          },
          {
            "start": {
              "line": 34,
              "column": 39
            },
            "end": {
              "line": 34,
              "column": 41
            }
          }
        ],
        "line": 34
      },
      "4": {
        "loc": {
          "start": {
            "line": 48,
            "column": 43
          },
          "end": {
            "line": 48,
            "column": 69
          }
        },
        "type": "binary-expr",
        "locations": [
          {
            "start": {
              "line": 48,
              "column": 43
            },
            "end": {
              "line": 48,
              "column": 62
            }
          },
          {
            "start": {
              "line": 48,
              "column": 66
            },
            "end": {
              "line": 48,
              "column": 69
            }
          }
        ],
        "line": 48
      },
      "5": {
        "loc": {
          "start": {
            "line": 57,
            "column": 43
          },
          "end": {
            "line": 57,
            "column": 70
          }
        },
        "type": "binary-expr",
        "locations": [
          {
            "start": {
              "line": 57,
              "column": 43
            },
            "end": {
              "line": 57,
              "column": 63
            }
          },
          {
            "start": {
              "line": 57,
              "column": 67
            },
            "end": {
              "line": 57,
              "column": 70
            }
          }
        ],
        "line": 57
      }
    },
    "s": {
      "0": 2,
      "1": 4,
      "2": 4,
      "3": 0,
      "4": 0,
      "5": 4,
      "6": 4,
      "7": 4,
      "8": 0,
      "9": 0,
      "10": 4
    },
    "f": {
      "0": 4,
      "1": 0,
      "2": 0
    },
    "b": {
      "0": [
        4
      ],
      "1": [
        0,
        0
      ],
      "2": [
        0,
        0
      ],
      "3": [
        0,
        0
      ],
      "4": [
        4,
        2
      ],
      "5": [
        4,
        2
      ]
    },
    "_coverageSchema": "1a1c01bbd47fc00a2c39e90264f33305004495a9",
    "hash": "6ab9431de3e86e2d7d80d8aa478038a42e08718b"
  },
  "G:\\Project\\FullStack_Projects\\TwitcherApp\\frontend\\components\\core-ui\\tweet-view\\tweet-content\\tweet-content.tsx": {
    "path": "G:\\Project\\FullStack_Projects\\TwitcherApp\\frontend\\components\\core-ui\\tweet-view\\tweet-content\\tweet-content.tsx",
    "statementMap": {
      "0": {
        "start": {
          "line": 7,
          "column": 44
        },
        "end": {
          "line": 13,
          "column": 1
        }
      },
      "1": {
        "start": {
          "line": 8,
          "column": 4
        },
        "end": {
          "line": 12,
          "column": 6
        }
      }
    },
    "fnMap": {
      "0": {
        "name": "(anonymous_0)",
        "decl": {
          "start": {
            "line": 7,
            "column": 44
          },
          "end": {
            "line": 7,
            "column": 45
          }
        },
        "loc": {
          "start": {
            "line": 7,
            "column": 59
          },
          "end": {
            "line": 13,
            "column": 1
          }
        },
        "line": 7
      }
    },
    "branchMap": {
      "0": {
        "loc": {
          "start": {
            "line": 10,
            "column": 16
          },
          "end": {
            "line": 10,
            "column": 29
          }
        },
        "type": "binary-expr",
        "locations": [
          {
            "start": {
              "line": 10,
              "column": 16
            },
            "end": {
              "line": 10,
              "column": 23
            }
          },
          {
            "start": {
              "line": 10,
              "column": 27
            },
            "end": {
              "line": 10,
              "column": 29
            }
          }
        ],
        "line": 10
      }
    },
    "s": {
      "0": 2,
      "1": 4
    },
    "f": {
      "0": 4
    },
    "b": {
      "0": [
        4,
        0
      ]
    },
    "_coverageSchema": "1a1c01bbd47fc00a2c39e90264f33305004495a9",
    "hash": "555a4513013ae3dbdde52a83649006b018340d5d"
  },
  "G:\\Project\\FullStack_Projects\\TwitcherApp\\frontend\\components\\core-ui\\slider\\slider.tsx": {
    "path": "G:\\Project\\FullStack_Projects\\TwitcherApp\\frontend\\components\\core-ui\\slider\\slider.tsx",
    "statementMap": {
      "0": {
        "start": {
          "line": 45,
          "column": 32
        },
        "end": {
          "line": 92,
          "column": 1
        }
      },
      "1": {
        "start": {
          "line": 62,
          "column": 4
        },
        "end": {
          "line": 91,
          "column": 6
        }
      },
      "2": {
        "start": {
          "line": 86,
          "column": 16
        },
        "end": {
          "line": 88,
          "column": 30
        }
      }
    },
    "fnMap": {
      "0": {
        "name": "(anonymous_0)",
        "decl": {
          "start": {
            "line": 45,
            "column": 32
          },
          "end": {
            "line": 45,
            "column": 33
          }
        },
        "loc": {
          "start": {
            "line": 61,
            "column": 6
          },
          "end": {
            "line": 92,
            "column": 1
          }
        },
        "line": 61
      },
      "1": {
        "name": "(anonymous_1)",
        "decl": {
          "start": {
            "line": 85,
            "column": 36
          },
          "end": {
            "line": 85,
            "column": 37
          }
        },
        "loc": {
          "start": {
            "line": 86,
            "column": 16
          },
          "end": {
            "line": 88,
            "column": 30
          }
        },
        "line": 86
      }
    },
    "branchMap": {
      "0": {
        "loc": {
          "start": {
            "line": 47,
            "column": 4
          },
          "end": {
            "line": 47,
            "column": 22
          }
        },
        "type": "default-arg",
        "locations": [
          {
            "start": {
              "line": 47,
              "column": 17
            },
            "end": {
              "line": 47,
              "column": 22
            }
          }
        ],
        "line": 47
      },
      "1": {
        "loc": {
          "start": {
            "line": 48,
            "column": 4
          },
          "end": {
            "line": 48,
            "column": 20
          }
        },
        "type": "default-arg",
        "locations": [
          {
            "start": {
              "line": 48,
              "column": 19
            },
            "end": {
              "line": 48,
              "column": 20
            }
          }
        ],
        "line": 48
      },
      "2": {
        "loc": {
          "start": {
            "line": 49,
            "column": 4
          },
          "end": {
            "line": 49,
            "column": 21
          }
        },
        "type": "default-arg",
        "locations": [
          {
            "start": {
              "line": 49,
              "column": 20
            },
            "end": {
              "line": 49,
              "column": 21
            }
          }
        ],
        "line": 49
      },
      "3": {
        "loc": {
          "start": {
            "line": 50,
            "column": 4
          },
          "end": {
            "line": 50,
            "column": 20
          }
        },
        "type": "default-arg",
        "locations": [
          {
            "start": {
              "line": 50,
              "column": 15
            },
            "end": {
              "line": 50,
              "column": 20
            }
          }
        ],
        "line": 50
      },
      "4": {
        "loc": {
          "start": {
            "line": 51,
            "column": 4
          },
          "end": {
            "line": 51,
            "column": 34
          }
        },
        "type": "default-arg",
        "locations": [
          {
            "start": {
              "line": 51,
              "column": 17
            },
            "end": {
              "line": 51,
              "column": 34
            }
          }
        ],
        "line": 51
      },
      "5": {
        "loc": {
          "start": {
            "line": 52,
            "column": 4
          },
          "end": {
            "line": 52,
            "column": 15
          }
        },
        "type": "default-arg",
        "locations": [
          {
            "start": {
              "line": 52,
              "column": 11
            },
            "end": {
              "line": 52,
              "column": 15
            }
          }
        ],
        "line": 52
      },
      "6": {
        "loc": {
          "start": {
            "line": 53,
            "column": 4
          },
          "end": {
            "line": 53,
            "column": 18
          }
        },
        "type": "default-arg",
        "locations": [
          {
            "start": {
              "line": 53,
              "column": 16
            },
            "end": {
              "line": 53,
              "column": 18
            }
          }
        ],
        "line": 53
      },
      "7": {
        "loc": {
          "start": {
            "line": 54,
            "column": 4
          },
          "end": {
            "line": 54,
            "column": 19
          }
        },
        "type": "default-arg",
        "locations": [
          {
            "start": {
              "line": 54,
              "column": 13
            },
            "end": {
              "line": 54,
              "column": 19
            }
          }
        ],
        "line": 54
      },
      "8": {
        "loc": {
          "start": {
            "line": 59,
            "column": 4
          },
          "end": {
            "line": 59,
            "column": 23
          }
        },
        "type": "default-arg",
        "locations": [
          {
            "start": {
              "line": 59,
              "column": 21
            },
            "end": {
              "line": 59,
              "column": 23
            }
          }
        ],
        "line": 59
      },
      "9": {
        "loc": {
          "start": {
            "line": 60,
            "column": 4
          },
          "end": {
            "line": 60,
            "column": 31
          }
        },
        "type": "default-arg",
        "locations": [
          {
            "start": {
              "line": 60,
              "column": 11
            },
            "end": {
              "line": 60,
              "column": 31
            }
          }
        ],
        "line": 60
      }
    },
    "s": {
      "0": 2,
      "1": 4,
      "2": 2
    },
    "f": {
      "0": 4,
      "1": 2
    },
    "b": {
      "0": [
        0
      ],
      "1": [
        4
      ],
      "2": [
        4
      ],
      "3": [
        4
      ],
      "4": [
        0
      ],
      "5": [
        4
      ],
      "6": [
        0
      ],
      "7": [
        0
      ],
      "8": [
        0
      ],
      "9": [
        4
      ]
    },
    "_coverageSchema": "1a1c01bbd47fc00a2c39e90264f33305004495a9",
    "hash": "18d8c2651add32d6e88c6bb02c95af54fe9bb33f"
  },
  "G:\\Project\\FullStack_Projects\\TwitcherApp\\frontend\\components\\core-ui\\tweet-view\\tweet-images\\tweet-images-carousel.tsx": {
    "path": "G:\\Project\\FullStack_Projects\\TwitcherApp\\frontend\\components\\core-ui\\tweet-view\\tweet-images\\tweet-images-carousel.tsx",
    "statementMap": {
      "0": {
        "start": {
          "line": 11,
          "column": 58
        },
        "end": {
          "line": 66,
          "column": 1
        }
      },
      "1": {
        "start": {
          "line": 12,
          "column": 4
        },
        "end": {
          "line": 65,
          "column": 6
        }
      },
      "2": {
        "start": {
          "line": 30,
          "column": 28
        },
        "end": {
          "line": 39,
          "column": 34
        }
      },
      "3": {
        "start": {
          "line": 51,
          "column": 28
        },
        "end": {
          "line": 60,
          "column": 34
        }
      }
    },
    "fnMap": {
      "0": {
        "name": "(anonymous_0)",
        "decl": {
          "start": {
            "line": 11,
            "column": 58
          },
          "end": {
            "line": 11,
            "column": 59
          }
        },
        "loc": {
          "start": {
            "line": 11,
            "column": 79
          },
          "end": {
            "line": 66,
            "column": 1
          }
        },
        "line": 11
      },
      "1": {
        "name": "(anonymous_1)",
        "decl": {
          "start": {
            "line": 29,
            "column": 37
          },
          "end": {
            "line": 29,
            "column": 38
          }
        },
        "loc": {
          "start": {
            "line": 30,
            "column": 28
          },
          "end": {
            "line": 39,
            "column": 34
          }
        },
        "line": 30
      },
      "2": {
        "name": "(anonymous_2)",
        "decl": {
          "start": {
            "line": 50,
            "column": 37
          },
          "end": {
            "line": 50,
            "column": 38
          }
        },
        "loc": {
          "start": {
            "line": 51,
            "column": 28
          },
          "end": {
            "line": 60,
            "column": 34
          }
        },
        "line": 51
      }
    },
    "branchMap": {
      "0": {
        "loc": {
          "start": {
            "line": 14,
            "column": 13
          },
          "end": {
            "line": 63,
            "column": 13
          }
        },
        "type": "cond-expr",
        "locations": [
          {
            "start": {
              "line": 15,
              "column": 16
            },
            "end": {
              "line": 41,
              "column": 25
            }
          },
          {
            "start": {
              "line": 43,
              "column": 16
            },
            "end": {
              "line": 62,
              "column": 25
            }
          }
        ],
        "line": 14
      },
      "1": {
        "loc": {
          "start": {
            "line": 14,
            "column": 13
          },
          "end": {
            "line": 14,
            "column": 38
          }
        },
        "type": "binary-expr",
        "locations": [
          {
            "start": {
              "line": 14,
              "column": 13
            },
            "end": {
              "line": 14,
              "column": 18
            }
          },
          {
            "start": {
              "line": 14,
              "column": 22
            },
            "end": {
              "line": 14,
              "column": 38
            }
          }
        ],
        "line": 14
      },
      "2": {
        "loc": {
          "start": {
            "line": 28,
            "column": 21
          },
          "end": {
            "line": 40,
            "column": 26
          }
        },
        "type": "binary-expr",
        "locations": [
          {
            "start": {
              "line": 28,
              "column": 21
            },
            "end": {
              "line": 28,
              "column": 27
            }
          },
          {
            "start": {
              "line": 29,
              "column": 24
            },
            "end": {
              "line": 40,
              "column": 26
            }
          }
        ],
        "line": 28
      },
      "3": {
        "loc": {
          "start": {
            "line": 49,
            "column": 21
          },
          "end": {
            "line": 61,
            "column": 26
          }
        },
        "type": "binary-expr",
        "locations": [
          {
            "start": {
              "line": 49,
              "column": 21
            },
            "end": {
              "line": 49,
              "column": 27
            }
          },
          {
            "start": {
              "line": 50,
              "column": 24
            },
            "end": {
              "line": 61,
              "column": 26
            }
          }
        ],
        "line": 49
      }
    },
    "s": {
      "0": 2,
      "1": 4,
      "2": 0,
      "3": 2
    },
    "f": {
      "0": 4,
      "1": 0,
      "2": 2
    },
    "b": {
      "0": [
        0,
        4
      ],
      "1": [
        4,
        0
      ],
      "2": [
        0,
        0
      ],
      "3": [
        4,
        2
      ]
    },
    "_coverageSchema": "1a1c01bbd47fc00a2c39e90264f33305004495a9",
    "hash": "58924fda47a6cef274e35b696b5c694b39d49b8a"
  },
  "G:\\Project\\FullStack_Projects\\TwitcherApp\\frontend\\components\\core-ui\\tweet-view\\tweet-images\\tweet-images.tsx": {
    "path": "G:\\Project\\FullStack_Projects\\TwitcherApp\\frontend\\components\\core-ui\\tweet-view\\tweet-images\\tweet-images.tsx",
    "statementMap": {
      "0": {
        "start": {
          "line": 16,
          "column": 42
        },
        "end": {
          "line": 41,
          "column": 1
        }
      },
      "1": {
        "start": {
          "line": 23,
          "column": 22
        },
        "end": {
          "line": 23,
          "column": 40
        }
      },
      "2": {
        "start": {
          "line": 24,
          "column": 4
        },
        "end": {
          "line": 26,
          "column": 5
        }
      },
      "3": {
        "start": {
          "line": 25,
          "column": 8
        },
        "end": {
          "line": 25,
          "column": 40
        }
      },
      "4": {
        "start": {
          "line": 27,
          "column": 4
        },
        "end": {
          "line": 40,
          "column": 6
        }
      }
    },
    "fnMap": {
      "0": {
        "name": "(anonymous_0)",
        "decl": {
          "start": {
            "line": 16,
            "column": 42
          },
          "end": {
            "line": 16,
            "column": 43
          }
        },
        "loc": {
          "start": {
            "line": 22,
            "column": 6
          },
          "end": {
            "line": 41,
            "column": 1
          }
        },
        "line": 22
      }
    },
    "branchMap": {
      "0": {
        "loc": {
          "start": {
            "line": 20,
            "column": 4
          },
          "end": {
            "line": 20,
            "column": 15
          }
        },
        "type": "default-arg",
        "locations": [
          {
            "start": {
              "line": 20,
              "column": 12
            },
            "end": {
              "line": 20,
              "column": 15
            }
          }
        ],
        "line": 20
      },
      "1": {
        "loc": {
          "start": {
            "line": 21,
            "column": 4
          },
          "end": {
            "line": 21,
            "column": 16
          }
        },
        "type": "default-arg",
        "locations": [
          {
            "start": {
              "line": 21,
              "column": 13
            },
            "end": {
              "line": 21,
              "column": 16
            }
          }
        ],
        "line": 21
      },
      "2": {
        "loc": {
          "start": {
            "line": 24,
            "column": 4
          },
          "end": {
            "line": 26,
            "column": 5
          }
        },
        "type": "if",
        "locations": [
          {
            "start": {
              "line": 24,
              "column": 4
            },
            "end": {
              "line": 26,
              "column": 5
            }
          },
          {
            "start": {},
            "end": {}
          }
        ],
        "line": 24
      },
      "3": {
        "loc": {
          "start": {
            "line": 24,
            "column": 8
          },
          "end": {
            "line": 24,
            "column": 35
          }
        },
        "type": "binary-expr",
        "locations": [
          {
            "start": {
              "line": 24,
              "column": 8
            },
            "end": {
              "line": 24,
              "column": 14
            }
          },
          {
            "start": {
              "line": 24,
              "column": 18
            },
            "end": {
              "line": 24,
              "column": 35
            }
          }
        ],
        "line": 24
      }
    },
    "s": {
      "0": 2,
      "1": 4,
      "2": 4,
      "3": 2,
      "4": 4
    },
    "f": {
      "0": 4
    },
    "b": {
      "0": [
        4
      ],
      "1": [
        4
      ],
      "2": [
        2,
        2
      ],
      "3": [
        4,
        2
      ]
    },
    "_coverageSchema": "1a1c01bbd47fc00a2c39e90264f33305004495a9",
    "hash": "54a02df1a55cfe8163662b188822e1aff2cbe68f"
  },
  "G:\\Project\\FullStack_Projects\\TwitcherApp\\frontend\\utils\\helpers.ts": {
    "path": "G:\\Project\\FullStack_Projects\\TwitcherApp\\frontend\\utils\\helpers.ts",
    "statementMap": {
      "0": {
        "start": {
          "line": 4,
          "column": 31
        },
        "end": {
          "line": 9,
          "column": 1
        }
      },
      "1": {
        "start": {
          "line": 8,
          "column": 4
        },
        "end": {
          "line": 8,
          "column": 61
        }
      },
      "2": {
        "start": {
          "line": 11,
          "column": 32
        },
        "end": {
          "line": 25,
          "column": 1
        }
      },
      "3": {
        "start": {
          "line": 12,
          "column": 27
        },
        "end": {
          "line": 12,
          "column": 41
        }
      },
      "4": {
        "start": {
          "line": 13,
          "column": 4
        },
        "end": {
          "line": 23,
          "column": 5
        }
      },
      "5": {
        "start": {
          "line": 14,
          "column": 22
        },
        "end": {
          "line": 14,
          "column": 31
        }
      },
      "6": {
        "start": {
          "line": 15,
          "column": 8
        },
        "end": {
          "line": 22,
          "column": 9
        }
      },
      "7": {
        "start": {
          "line": 16,
          "column": 29
        },
        "end": {
          "line": 16,
          "column": 37
        }
      },
      "8": {
        "start": {
          "line": 17,
          "column": 12
        },
        "end": {
          "line": 19,
          "column": 15
        }
      },
      "9": {
        "start": {
          "line": 18,
          "column": 16
        },
        "end": {
          "line": 18,
          "column": 41
        }
      },
      "10": {
        "start": {
          "line": 21,
          "column": 12
        },
        "end": {
          "line": 21,
          "column": 36
        }
      },
      "11": {
        "start": {
          "line": 24,
          "column": 4
        },
        "end": {
          "line": 24,
          "column": 16
        }
      },
      "12": {
        "start": {
          "line": 27,
          "column": 35
        },
        "end": {
          "line": 41,
          "column": 1
        }
      },
      "13": {
        "start": {
          "line": 30,
          "column": 45
        },
        "end": {
          "line": 30,
          "column": 59
        }
      },
      "14": {
        "start": {
          "line": 40,
          "column": 4
        },
        "end": {
          "line": 40,
          "column": 20
        }
      }
    },
    "fnMap": {
      "0": {
        "name": "(anonymous_0)",
        "decl": {
          "start": {
            "line": 4,
            "column": 31
          },
          "end": {
            "line": 4,
            "column": 32
          }
        },
        "loc": {
          "start": {
            "line": 7,
            "column": 13
          },
          "end": {
            "line": 9,
            "column": 1
          }
        },
        "line": 7
      },
      "1": {
        "name": "(anonymous_1)",
        "decl": {
          "start": {
            "line": 11,
            "column": 32
          },
          "end": {
            "line": 11,
            "column": 33
          }
        },
        "loc": {
          "start": {
            "line": 11,
            "column": 57
          },
          "end": {
            "line": 25,
            "column": 1
          }
        },
        "line": 11
      },
      "2": {
        "name": "(anonymous_2)",
        "decl": {
          "start": {
            "line": 17,
            "column": 26
          },
          "end": {
            "line": 17,
            "column": 27
          }
        },
        "loc": {
          "start": {
            "line": 17,
            "column": 33
          },
          "end": {
            "line": 19,
            "column": 13
          }
        },
        "line": 17
      },
      "3": {
        "name": "(anonymous_3)",
        "decl": {
          "start": {
            "line": 27,
            "column": 35
          },
          "end": {
            "line": 27,
            "column": 36
          }
        },
        "loc": {
          "start": {
            "line": 29,
            "column": 31
          },
          "end": {
            "line": 41,
            "column": 1
          }
        },
        "line": 29
      }
    },
    "branchMap": {
      "0": {
        "loc": {
          "start": {
            "line": 5,
            "column": 4
          },
          "end": {
            "line": 5,
            "column": 19
          }
        },
        "type": "default-arg",
        "locations": [
          {
            "start": {
              "line": 5,
              "column": 18
            },
            "end": {
              "line": 5,
              "column": 19
            }
          }
        ],
        "line": 5
      },
      "1": {
        "loc": {
          "start": {
            "line": 6,
            "column": 4
          },
          "end": {
            "line": 6,
            "column": 22
          }
        },
        "type": "default-arg",
        "locations": [
          {
            "start": {
              "line": 6,
              "column": 18
            },
            "end": {
              "line": 6,
              "column": 22
            }
          }
        ],
        "line": 6
      },
      "2": {
        "loc": {
          "start": {
            "line": 15,
            "column": 8
          },
          "end": {
            "line": 22,
            "column": 9
          }
        },
        "type": "if",
        "locations": [
          {
            "start": {
              "line": 15,
              "column": 8
            },
            "end": {
              "line": 22,
              "column": 9
            }
          },
          {
            "start": {
              "line": 20,
              "column": 15
            },
            "end": {
              "line": 22,
              "column": 9
            }
          }
        ],
        "line": 15
      }
    },
    "s": {
      "0": 2,
      "1": 4,
      "2": 2,
      "3": 0,
      "4": 0,
      "5": 0,
      "6": 0,
      "7": 0,
      "8": 0,
      "9": 0,
      "10": 0,
      "11": 0,
      "12": 2,
      "13": 4,
      "14": 4
    },
    "f": {
      "0": 4,
      "1": 0,
      "2": 0,
      "3": 4
    },
    "b": {
      "0": [
        4
      ],
      "1": [
        4
      ],
      "2": [
        0,
        0
      ]
    },
    "_coverageSchema": "1a1c01bbd47fc00a2c39e90264f33305004495a9",
    "hash": "27e35b9d93faa2aa6279215f66a97f6ab2137276"
  },
  "G:\\Project\\FullStack_Projects\\TwitcherApp\\frontend\\components\\core-ui\\simple-card\\simple-card.tsx": {
    "path": "G:\\Project\\FullStack_Projects\\TwitcherApp\\frontend\\components\\core-ui\\simple-card\\simple-card.tsx",
    "statementMap": {
      "0": {
        "start": {
          "line": 22,
          "column": 19
        },
        "end": {
          "line": 80,
          "column": 1
        }
      },
      "1": {
        "start": {
          "line": 38,
          "column": 4
        },
        "end": {
          "line": 79,
          "column": 6
        }
      },
      "2": {
        "start": {
          "line": 61,
          "column": 24
        },
        "end": {
          "line": 65,
          "column": 29
        }
      }
    },
    "fnMap": {
      "0": {
        "name": "(anonymous_0)",
        "decl": {
          "start": {
            "line": 22,
            "column": 19
          },
          "end": {
            "line": 22,
            "column": 20
          }
        },
        "loc": {
          "start": {
            "line": 37,
            "column": 26
          },
          "end": {
            "line": 80,
            "column": 1
          }
        },
        "line": 37
      },
      "1": {
        "name": "(anonymous_1)",
        "decl": {
          "start": {
            "line": 60,
            "column": 32
          },
          "end": {
            "line": 60,
            "column": 33
          }
        },
        "loc": {
          "start": {
            "line": 61,
            "column": 24
          },
          "end": {
            "line": 65,
            "column": 29
          }
        },
        "line": 61
      }
    },
    "branchMap": {
      "0": {
        "loc": {
          "start": {
            "line": 23,
            "column": 4
          },
          "end": {
            "line": 23,
            "column": 12
          }
        },
        "type": "default-arg",
        "locations": [
          {
            "start": {
              "line": 23,
              "column": 10
            },
            "end": {
              "line": 23,
              "column": 12
            }
          }
        ],
        "line": 23
      },
      "1": {
        "loc": {
          "start": {
            "line": 26,
            "column": 4
          },
          "end": {
            "line": 26,
            "column": 12
          }
        },
        "type": "default-arg",
        "locations": [
          {
            "start": {
              "line": 26,
              "column": 10
            },
            "end": {
              "line": 26,
              "column": 12
            }
          }
        ],
        "line": 26
      },
      "2": {
        "loc": {
          "start": {
            "line": 29,
            "column": 4
          },
          "end": {
            "line": 29,
            "column": 25
          }
        },
        "type": "default-arg",
        "locations": [
          {
            "start": {
              "line": 29,
              "column": 23
            },
            "end": {
              "line": 29,
              "column": 25
            }
          }
        ],
        "line": 29
      },
      "3": {
        "loc": {
          "start": {
            "line": 30,
            "column": 4
          },
          "end": {
            "line": 30,
            "column": 22
          }
        },
        "type": "default-arg",
        "locations": [
          {
            "start": {
              "line": 30,
              "column": 20
            },
            "end": {
              "line": 30,
              "column": 22
            }
          }
        ],
        "line": 30
      },
      "4": {
        "loc": {
          "start": {
            "line": 31,
            "column": 4
          },
          "end": {
            "line": 31,
            "column": 20
          }
        },
        "type": "default-arg",
        "locations": [
          {
            "start": {
              "line": 31,
              "column": 18
            },
            "end": {
              "line": 31,
              "column": 20
            }
          }
        ],
        "line": 31
      },
      "5": {
        "loc": {
          "start": {
            "line": 32,
            "column": 4
          },
          "end": {
            "line": 32,
            "column": 22
          }
        },
        "type": "default-arg",
        "locations": [
          {
            "start": {
              "line": 32,
              "column": 20
            },
            "end": {
              "line": 32,
              "column": 22
            }
          }
        ],
        "line": 32
      },
      "6": {
        "loc": {
          "start": {
            "line": 33,
            "column": 4
          },
          "end": {
            "line": 33,
            "column": 20
          }
        },
        "type": "default-arg",
        "locations": [
          {
            "start": {
              "line": 33,
              "column": 18
            },
            "end": {
              "line": 33,
              "column": 20
            }
          }
        ],
        "line": 33
      },
      "7": {
        "loc": {
          "start": {
            "line": 34,
            "column": 4
          },
          "end": {
            "line": 34,
            "column": 24
          }
        },
        "type": "default-arg",
        "locations": [
          {
            "start": {
              "line": 34,
              "column": 22
            },
            "end": {
              "line": 34,
              "column": 24
            }
          }
        ],
        "line": 34
      },
      "8": {
        "loc": {
          "start": {
            "line": 35,
            "column": 4
          },
          "end": {
            "line": 35,
            "column": 26
          }
        },
        "type": "default-arg",
        "locations": [
          {
            "start": {
              "line": 35,
              "column": 24
            },
            "end": {
              "line": 35,
              "column": 26
            }
          }
        ],
        "line": 35
      },
      "9": {
        "loc": {
          "start": {
            "line": 36,
            "column": 4
          },
          "end": {
            "line": 36,
            "column": 30
          }
        },
        "type": "default-arg",
        "locations": [
          {
            "start": {
              "line": 36,
              "column": 28
            },
            "end": {
              "line": 36,
              "column": 30
            }
          }
        ],
        "line": 36
      },
      "10": {
        "loc": {
          "start": {
            "line": 46,
            "column": 17
          },
          "end": {
            "line": 54,
            "column": 17
          }
        },
        "type": "binary-expr",
        "locations": [
          {
            "start": {
              "line": 46,
              "column": 17
            },
            "end": {
              "line": 46,
              "column": 21
[...]
          "column": 6
        }
      },
      "6": {
        "start": {
          "line": 50,
          "column": 28
        },
        "end": {
          "line": 54,
          "column": 34
        }
      }
    },
    "fnMap": {
      "0": {
        "name": "(anonymous_0)",
        "decl": {
          "start": {
            "line": 12,
            "column": 52
          },
          "end": {
            "line": 12,
            "column": 53
          }
        },
        "loc": {
          "start": {
            "line": 16,
            "column": 6
          },
          "end": {
            "line": 61,
            "column": 1
          }
        },
        "line": 16
      },
      "1": {
        "name": "(anonymous_1)",
        "decl": {
          "start": {
            "line": 22,
            "column": 21
          },
          "end": {
            "line": 22,
            "column": 22
          }
        },
        "loc": {
          "start": {
            "line": 22,
            "column": 27
          },
          "end": {
            "line": 27,
            "column": 13
          }
        },
        "line": 22
      },
      "2": {
        "name": "(anonymous_2)",
        "decl": {
          "start": {
            "line": 49,
            "column": 40
          },
          "end": {
            "line": 49,
            "column": 41
          }
        },
        "loc": {
          "start": {
            "line": 50,
            "column": 28
          },
          "end": {
            "line": 54,
            "column": 34
          }
        },
        "line": 50
      }
    },
    "branchMap": {
      "0": {
        "loc": {
          "start": {
            "line": 23,
            "column": 16
          },
          "end": {
            "line": 25,
            "column": 17
          }
        },
        "type": "if",
        "locations": [
          {
            "start": {
              "line": 23,
              "column": 16
            },
            "end": {
              "line": 25,
              "column": 17
            }
          },
          {
            "start": {},
            "end": {}
          }
        ],
        "line": 23
      },
      "1": {
        "loc": {
          "start": {
            "line": 23,
            "column": 20
          },
          "end": {
            "line": 23,
            "column": 65
          }
        },
        "type": "binary-expr",
        "locations": [
          {
            "start": {
              "line": 23,
              "column": 20
            },
            "end": {
              "line": 23,
              "column": 27
            }
          },
          {
            "start": {
              "line": 23,
              "column": 31
            },
            "end": {
              "line": 23,
              "column": 65
            }
          }
        ],
        "line": 23
      },
      "2": {
        "loc": {
          "start": {
            "line": 33,
            "column": 17
          },
          "end": {
            "line": 33,
            "column": 31
          }
        },
        "type": "binary-expr",
        "locations": [
          {
            "start": {
              "line": 33,
              "column": 17
            },
            "end": {
              "line": 33,
              "column": 25
            }
          },
          {
            "start": {
              "line": 33,
              "column": 29
            },
            "end": {
              "line": 33,
              "column": 31
            }
          }
        ],
        "line": 33
      },
      "3": {
        "loc": {
          "start": {
            "line": 35,
            "column": 51
          },
          "end": {
            "line": 35,
            "column": 71
          }
        },
        "type": "binary-expr",
        "locations": [
          {
            "start": {
              "line": 35,
              "column": 51
            },
            "end": {
              "line": 35,
              "column": 65
            }
          },
          {
            "start": {
              "line": 35,
              "column": 69
            },
            "end": {
              "line": 35,
              "column": 71
            }
          }
        ],
        "line": 35
      }
    },
    "s": {
      "0": 2,
      "1": 4,
      "2": 4,
      "3": 0,
      "4": 0,
      "5": 4,
      "6": 4
    },
    "f": {
      "0": 4,
      "1": 0,
      "2": 4
    },
    "b": {
      "0": [
        0,
        0
      ],
      "1": [
        0,
        0
      ],
      "2": [
        4,
        0
      ],
      "3": [
        4,
        0
      ]
    },
    "_coverageSchema": "1a1c01bbd47fc00a2c39e90264f33305004495a9",
    "hash": "cb5f6769f898536d6802ba1f9b04bd0a551c11e2"
  },
  "G:\\Project\\FullStack_Projects\\TwitcherApp\\frontend\\components\\core-ui\\avatar\\avatar.tsx": {
    "path": "G:\\Project\\FullStack_Projects\\TwitcherApp\\frontend\\components\\core-ui\\avatar\\avatar.tsx",
    "statementMap": {
      "0": {
        "start": {
          "line": 15,
          "column": 32
        },
        "end": {
          "line": 42,
          "column": 1
        }
      },
      "1": {
        "start": {
          "line": 24,
          "column": 4
        },
        "end": {
          "line": 41,
          "column": 6
        }
      }
    },
    "fnMap": {
      "0": {
        "name": "(anonymous_0)",
        "decl": {
          "start": {
            "line": 15,
            "column": 32
          },
          "end": {
            "line": 15,
            "column": 33
          }
        },
        "loc": {
          "start": {
            "line": 23,
            "column": 6
          },
          "end": {
            "line": 42,
            "column": 1
          }
        },
        "line": 23
      }
    },
    "branchMap": {
      "0": {
        "loc": {
          "start": {
            "line": 16,
            "column": 4
          },
          "end": {
            "line": 16,
            "column": 15
          }
        },
        "type": "default-arg",
        "locations": [
          {
            "start": {
              "line": 16,
              "column": 13
            },
            "end": {
              "line": 16,
              "column": 15
            }
          }
        ],
        "line": 16
      },
      "1": {
        "loc": {
          "start": {
            "line": 17,
            "column": 4
          },
          "end": {
            "line": 17,
            "column": 14
          }
        },
        "type": "default-arg",
        "locations": [
          {
            "start": {
              "line": 17,
              "column": 12
            },
            "end": {
              "line": 17,
              "column": 14
            }
          }
        ],
        "line": 17
      },
      "2": {
        "loc": {
          "start": {
            "line": 21,
            "column": 4
          },
          "end": {
            "line": 21,
            "column": 18
          }
        },
        "type": "default-arg",
        "locations": [
          {
            "start": {
              "line": 21,
              "column": 16
            },
            "end": {
              "line": 21,
              "column": 18
            }
          }
        ],
        "line": 21
      },
      "3": {
        "loc": {
          "start": {
            "line": 22,
            "column": 4
          },
          "end": {
            "line": 22,
            "column": 27
          }
        },
        "type": "default-arg",
        "locations": [
          {
            "start": {
              "line": 22,
              "column": 25
            },
            "end": {
              "line": 22,
              "column": 27
            }
          }
        ],
        "line": 22
      }
    },
    "s": {
      "0": 2,
      "1": 4
    },
    "f": {
      "0": 4
    },
    "b": {
      "0": [
        0
      ],
      "1": [
        0
      ],
      "2": [
        4
      ],
      "3": [
        4
      ]
    },
    "_coverageSchema": "1a1c01bbd47fc00a2c39e90264f33305004495a9",
    "hash": "0bff46e80d8141af5116a48212bca86f62a66e57"
  },
  "G:\\Project\\FullStack_Projects\\TwitcherApp\\frontend\\components\\core-ui\\tweet-view\\tweet-user-profile\\tweet-user-profile.tsx": {
    "path": "G:\\Project\\FullStack_Projects\\TwitcherApp\\frontend\\components\\core-ui\\tweet-view\\tweet-user-profile\\tweet-user-profile.tsx",
    "statementMap": {
      "0": {
        "start": {
          "line": 13,
          "column": 52
        },
        "end": {
          "line": 31,
          "column": 1
        }
      },
      "1": {
        "start": {
          "line": 19,
          "column": 19
        },
        "end": {
          "line": 19,
          "column": 52
        }
      },
      "2": {
        "start": {
          "line": 20,
          "column": 4
        },
        "end": {
          "line": 30,
          "column": 6
        }
      }
    },
    "fnMap": {
      "0": {
        "name": "(anonymous_0)",
        "decl": {
          "start": {
            "line": 13,
            "column": 52
          },
          "end": {
            "line": 13,
            "column": 53
          }
        },
        "loc": {
          "start": {
            "line": 18,
            "column": 6
          },
          "end": {
            "line": 31,
            "column": 1
          }
        },
        "line": 18
      }
    },
    "branchMap": {
      "0": {
        "loc": {
          "start": {
            "line": 15,
            "column": 4
          },
          "end": {
            "line": 15,
            "column": 26
          }
        },
        "type": "default-arg",
        "locations": [
          {
            "start": {
              "line": 15,
              "column": 10
            },
            "end": {
              "line": 15,
              "column": 26
            }
          }
        ],
        "line": 15
      },
      "1": {
        "loc": {
          "start": {
            "line": 16,
            "column": 4
          },
          "end": {
            "line": 16,
            "column": 15
          }
        },
        "type": "default-arg",
        "locations": [
          {
            "start": {
              "line": 16,
              "column": 13
            },
            "end": {
              "line": 16,
              "column": 15
            }
          }
        ],
        "line": 16
      },
      "2": {
        "loc": {
          "start": {
            "line": 17,
            "column": 4
          },
          "end": {
            "line": 17,
            "column": 14
          }
        },
        "type": "default-arg",
        "locations": [
          {
            "start": {
              "line": 17,
              "column": 12
            },
            "end": {
              "line": 17,
              "column": 14
            }
          }
        ],
        "line": 17
      }
    },
    "s": {
      "0": 2,
      "1": 4,
      "2": 4
    },
    "f": {
      "0": 4
    },
    "b": {
      "0": [
        4
      ],
      "1": [
        4
      ],
      "2": [
        4
      ]
    },
    "_coverageSchema": "1a1c01bbd47fc00a2c39e90264f33305004495a9",
    "hash": "74febf5d80058347bb80aeb2bca96b8588ac0e60"
  },
  "G:\\Project\\FullStack_Projects\\TwitcherApp\\frontend\\components\\core-ui\\tweet-view\\tweet-view.tsx": {
    "path": "G:\\Project\\FullStack_Projects\\TwitcherApp\\frontend\\components\\core-ui\\tweet-view\\tweet-view.tsx",
    "statementMap": {
      "0": {
        "start": {
          "line": 13,
          "column": 38
        },
        "end": {
          "line": 44,
          "column": 1
        }
      },
      "1": {
        "start": {
          "line": 14,
          "column": 4
        },
        "end": {
          "line": 43,
          "column": 6
        }
      }
    },
    "fnMap": {
      "0": {
        "name": "(anonymous_0)",
        "decl": {
          "start": {
            "line": 13,
            "column": 38
          },
          "end": {
            "line": 13,
            "column": 39
          }
        },
        "loc": {
          "start": {
            "line": 13,
            "column": 73
          },
          "end": {
            "line": 44,
            "column": 1
          }
        },
        "line": 13
      }
    },
    "branchMap": {
      "0": {
        "loc": {
          "start": {
            "line": 13,
            "column": 47
          },
          "end": {
            "line": 13,
            "column": 67
          }
        },
        "type": "default-arg",
        "locations": [
          {
            "start": {
              "line": 13,
              "column": 63
            },
            "end": {
              "line": 13,
              "column": 67
            }
          }
        ],
        "line": 13
      },
      "1": {
        "loc": {
          "start": {
            "line": 22,
            "column": 25
          },
          "end": {
            "line": 22,
            "column": 55
          }
        },
        "type": "binary-expr",
        "locations": [
          {
            "start": {
              "line": 22,
              "column": 25
            },
            "end": {
              "line": 22,
              "column": 49
            }
          },
          {
            "start": {
              "line": 22,
              "column": 53
            },
            "end": {
              "line": 22,
              "column": 55
            }
          }
        ],
        "line": 22
      },
      "2": {
        "loc": {
          "start": {
            "line": 29,
            "column": 39
          },
          "end": {
            "line": 29,
            "column": 59
          }
        },
        "type": "binary-expr",
        "locations": [
          {
            "start": {
              "line": 29,
              "column": 39
            },
            "end": {
              "line": 29,
              "column": 53
            }
          },
          {
            "start": {
              "line": 29,
              "column": 57
            },
            "end": {
              "line": 29,
              "column": 59
            }
          }
        ],
        "line": 29
      },
      "3": {
        "loc": {
          "start": {
            "line": 32,
            "column": 25
          },
          "end": {
            "line": 32,
            "column": 70
          }
        },
        "type": "binary-expr",
        "locations": [
          {
            "start": {
              "line": 32,
              "column": 25
            },
            "end": {
              "line": 32,
              "column": 36
            }
          },
          {
            "start": {
              "line": 32,
              "column": 40
            },
            "end": {
              "line": 32,
              "column": 53
            }
          },
          {
            "start": {
              "line": 32,
              "column": 57
            },
            "end": {
              "line": 32,
              "column": 70
            }
          }
        ],
        "line": 32
      },
      "4": {
        "loc": {
          "start": {
            "line": 36,
            "column": 17
          },
          "end": {
            "line": 40,
            "column": 17
          }
        },
        "type": "binary-expr",
        "locations": [
          {
            "start": {
              "line": 36,
              "column": 17
            },
            "end": {
              "line": 36,
              "column": 30
            }
          },
          {
            "start": {
              "line": 36,
              "column": 34
            },
            "end": {
              "line": 36,
              "column": 49
            }
          },
          {
            "start": {
              "line": 37,
              "column": 20
            },
            "end": {
              "line": 39,
              "column": 26
            }
          }
        ],
        "line": 36
      }
    },
    "s": {
      "0": 2,
      "1": 4
    },
    "f": {
      "0": 4
    },
    "b": {
      "0": [
        4
      ],
      "1": [
        4,
        2
      ],
      "2": [
        4,
        2
      ],
      "3": [
        4,
        2,
        2
      ],
      "4": [
        4,
        4,
        2
      ]
    },
    "_coverageSchema": "1a1c01bbd47fc00a2c39e90264f33305004495a9",
    "hash": "507ae612768e770a3ea9c918beb90a0fa5cafee7"
  },
  "G:\\Project\\FullStack_Projects\\TwitcherApp\\frontend\\cypress\\component\\core-ui\\tweet-view\\tweet-view.spec.tsx": {
    "path": "G:\\Project\\FullStack_Projects\\TwitcherApp\\frontend\\cypress\\component\\core-ui\\tweet-view\\tweet-view.spec.tsx",
    "statementMap": {
      "0": {
        "start": {
          "line": 7,
          "column": 25
        },
        "end": {
          "line": 50,
          "column": 1
        }
      },
      "1": {
        "start": {
          "line": 52,
          "column": 0
        },
        "end": {
          "line": 69,
          "column": 3
        }
      },
      "2": {
        "start": {
          "line": 53,
          "column": 4
        },
        "end": {
          "line": 59,
          "column": 7
        }
      },
      "3": {
        "start": {
          "line": 54,
          "column": 8
        },
        "end": {
          "line": 58,
          "column": 10
        }
      },
      "4": {
        "start": {
          "line": 60,
          "column": 4
        },
        "end": {
          "line": 68,
          "column": 7
        }
      },
      "5": {
        "start": {
          "line": 61,
          "column": 8
        },
        "end": {
          "line": 64,
          "column": 56
        }
      },
      "6": {
        "start": {
          "line": 65,
          "column": 8
        },
        "end": {
          "line": 66,
          "column": 50
        }
      },
      "7": {
        "start": {
          "line": 67,
          "column": 8
        },
        "end": {
          "line": 67,
          "column": 43
        }
      }
    },
    "fnMap": {
      "0": {
        "name": "(anonymous_0)",
        "decl": {
          "start": {
            "line": 52,
            "column": 32
          },
          "end": {
            "line": 52,
            "column": 33
          }
        },
        "loc": {
          "start": {
            "line": 52,
            "column": 38
          },
          "end": {
            "line": 69,
            "column": 1
          }
        },
        "line": 52
      },
      "1": {
        "name": "(anonymous_1)",
        "decl": {
          "start": {
            "line": 53,
            "column": 15
          },
          "end": {
            "line": 53,
            "column": 16
          }
        },
        "loc": {
          "start": {
            "line": 53,
            "column": 21
          },
          "end": {
            "line": 59,
            "column": 5
          }
        },
        "line": 53
      },
      "2": {
        "name": "(anonymous_2)",
        "decl": {
          "start": {
            "line": 60,
            "column": 27
          },
          "end": {
            "line": 60,
            "column": 28
          }
        },
        "loc": {
          "start": {
            "line": 60,
            "column": 33
          },
          "end": {
            "line": 68,
            "column": 5
          }
        },
        "line": 60
      }
    },
    "branchMap": {},
    "s": {
      "0": 2,
      "1": 2,
      "2": 2,
      "3": 2,
      "4": 2,
      "5": 2,
      "6": 2,
      "7": 2
    },
    "f": {
      "0": 2,
      "1": 2,
      "2": 2
    },
    "b": {},
    "_coverageSchema": "1a1c01bbd47fc00a2c39e90264f33305004495a9",
    "hash": "c218c6725c93b4a1912c129f983aab8caa817f98"
  }
}